2024-09-17 11:50:05|kasoo|True
2024-09-17 11:51:42|murashov123|True
2024-09-17 11:52:54|murashov123|True
2024-09-17 12:09:24|perinaAD|True
2024-09-17 12:12:24|perinaAD|True
2024-09-17 12:15:08|perinaAD|True
2024-09-17 12:23:29|perinaAD|True
2024-09-17 12:26:07|да|True
2024-09-17 12:30:07|да|True
2024-09-17 12:36:12|да|True
2024-09-17 12:40:10|да|True
2024-09-17 12:44:56|да|False
2024-09-17 12:46:34|да|True
2024-09-17 12:47:57|да|True
2024-09-17 12:50:46|да|True
2024-09-17 12:53:42|да|True
2024-09-17 13:31:59|да|True
2024-09-17 13:32:46|да|True
2024-09-17 13:34:52|да|True
2024-09-17 13:41:05|да|True
2024-09-17 16:47:48|да|True
2024-09-17 16:52:54|да|True
2024-09-17 17:00:40|да|True
2024-09-17 17:00:56|асчвпр|False
2024-09-17 17:01:07|асчвпр|False
2024-09-17 17:01:48|dfghf|False
2024-09-17 17:02:14|sdfg|False
2024-09-17 17:03:04|да|True
2024-09-17 17:05:40|да|True
2024-09-17 17:07:06|да|True
2024-09-17 17:08:30|да|True
2024-09-17 17:10:15|да|True
2024-09-17 17:23:50|да|True
2024-09-17 17:25:05|да|True
2024-09-17 17:27:13|да|True
2024-09-17 17:28:13|=|False
2024-09-17 17:28:27|=|False
2024-09-17 17:33:03|да|True
2024-09-17 17:35:09|да|True
2024-09-17 17:35:39|да|True
2024-09-17 17:41:28|аяывп|False
2024-09-17 17:41:47|аяывп|False
2024-09-17 17:41:56|аяывп|False
2024-09-17 17:42:06|аяывп|False
2024-09-17 17:45:38|sfg|False
2024-09-17 17:45:46|sfg|False
2024-09-17 17:45:56|sfg|False
2024-09-17 17:46:27|sfg|False
2024-09-17 17:48:21|да|True
2024-09-17 18:13:02|да|True
2024-09-17 18:19:52|login2|True
2024-09-17 18:23:35|log2|False
2024-09-17 18:23:48|logg2|False
2024-09-17 18:24:08|login2|True
2024-09-17 18:28:03|login2|True
2024-09-17 18:29:10|login2|True
2024-09-17 18:32:30|login2|True
2024-09-17 18:34:59|login2|True
2024-09-17 18:35:58|login2|True
2024-09-17 18:42:47|login2|True
2024-09-17 19:17:54|login2|True
2024-09-17 19:26:37|да|True
2024-09-17 19:29:39|да|True
2024-09-17 19:30:35|да|True
2024-09-17 19:30:50|login2|True
2024-09-17 19:32:17|login2|True
2024-09-17 19:33:22|login2|True
2024-09-17 19:34:29|login2|True
2024-09-17 19:35:03|да|True
2024-09-17 19:35:23|да|True
2024-09-17 19:37:43|login5|True
2024-09-17 19:39:23|login5|True
2024-09-17 19:40:09|login5|True
2024-09-17 19:41:13|login5|True
2024-09-17 19:44:18|login2|True
2024-09-17 19:45:20|login5|True
2024-09-17 19:45:33|login5|True
2024-09-17 20:16:50|murashov123|True
2024-09-17 20:20:00|test1|True
2024-09-17 20:22:28|test1|True
2024-09-17 20:23:26|test1|True
2024-09-17 20:23:53|test1|True
2024-09-17 20:24:25|да|True
2024-09-17 20:25:01|да|True
2024-09-17 20:25:59|login2|True
2024-09-17 20:26:31|да|True
2024-09-17 20:27:59|login2|True
2024-09-17 20:30:47|да|True
2024-09-17 20:31:20|да|True
2024-09-17 20:31:51|да|True
2024-09-17 22:02:13|murashov123|True
2024-09-17 23:56:42|да|True
2024-09-18 01:09:52|да|True
2024-09-18 10:24:29|да|True
2024-09-18 10:34:17|да|True
2024-09-18 10:37:53|murashov123|True
2024-09-18 10:39:04|murashov123|True
2024-09-18 10:40:19|login2|True
2024-09-18 10:41:24|murashov123|False
2024-09-18 10:42:02|murashov123|True
2024-09-18 10:44:28|login1|True
2024-09-18 10:45:06|login1|True
2024-09-18 10:50:56|login1|False
2024-09-18 10:52:39|login1|True
2024-09-18 10:57:11|да|True
2024-09-18 11:06:16|login1|True
2024-09-18 11:12:29|login1|True
2024-09-18 12:16:59|login1|True
2024-09-18 12:17:17|login1|True
2024-09-18 12:17:40|login4|True
2024-09-18 12:23:07|да|True
2024-09-18 21:48:35|да|True
2024-09-19 11:35:45|login2|True
2024-09-19 11:36:56|login2|True
2024-09-19 11:37:59|login2|True
2024-09-19 11:38:46|login2|True
2024-09-19 11:39:50|login2|True
2024-09-19 11:40:42|login2|True
2024-09-19 11:41:53|login2|True
2024-09-19 11:43:10|login2|True
2024-09-19 11:44:50|login2|True
2024-09-19 11:57:48|kasoo|True
2024-09-19 11:58:31|kasoo|True
2024-09-19 11:59:15|kasoo|True
2024-09-19 12:01:39|kasoo|True
2024-09-19 12:11:15|kaaso|False
2024-09-19 12:11:53|root|False
2024-09-19 12:12:22|kasoo|True
2024-09-19 12:22:10|login3|True
2024-09-19 12:22:47|да|True
2024-09-19 12:24:24|test1|True
2024-09-19 12:26:05|kasoo|True
2024-09-19 12:26:32|sdfgsdfg|False
2024-09-19 12:27:37|login4|True
2024-09-19 12:28:26|да|True
2024-09-19 12:31:46|login4|True
2024-09-19 13:00:40|login3|True
2024-09-19 13:06:05|login4|True
2024-09-19 13:08:39|kasoo|True
2024-09-20 12:04:49|kasoo|True
